Arguments: 
  C:\Program Files\nodejs\node.exe C:\Users\paulo.oliveira\AppData\Roaming\npm\node_modules\yarn\bin\yarn.js add devextreme@23.1 devextreme-react@23.1 --exact

PATH: 
  C:\Python311\Scripts\;C:\Python311\;C:\Python310\Scripts\;C:\Python310\;C:\Program Files (x86)\Common Files\Oracle\Java\javapath;C:\WINDOWS\system32;C:\WINDOWS;C:\WINDOWS\System32\Wbem;C:\WINDOWS\System32\WindowsPowerShell\v1.0\;C:\WINDOWS\System32\OpenSSH\;C:\Users\ti\AppData\Local\Microsoft\WindowsApps;C:\oracle\instantclient_11_2;C:\Program Files\TortoiseSVN\bin;C:\Program Files (x86)\ATI Technologies\ATI.ACE\Core-Static;C:\instantclient;C:\ProgramData\chocolatey\bin;C:\Program Files\Microsoft SQL Server\110\Tools\Binn\;C:\Program Files\Go\bin;C:\Program Files\Git\cmd;C:\Program Files\nodejs\;C:\Users\paulo.oliveira\AppData\Local\Microsoft\WindowsApps;C:\Users\paulo.oliveira\AppData\Local\Programs\Microsoft VS Code\bin;C:\Program Files (x86)\SEFAZ-CE\Driver MFE\Biblioteca de funções;C:\Users\paulo.oliveira\go\bin;C:\Users\paulo.oliveira\AppData\Roaming\npm

Yarn version: 
  1.22.18

Node version: 
  18.17.0

Platform: 
  win32 x64

Trace: 
  Error: unable to verify the first certificate
      at TLSSocket.onConnectSecure (node:_tls_wrap:1550:34)
      at TLSSocket.emit (node:events:514:28)
      at TLSSocket._finishInit (node:_tls_wrap:967:8)
      at ssl.onhandshakedone (node:_tls_wrap:743:12)

npm manifest: 
  {
    "name": "aotiadmin",
    "version": "0.1.0",
    "private": true,
    "dependencies": {
      "@iconscout/react-unicons": "^1.1.6",
      "@mui/material": "^5.6.0",
      "@testing-library/jest-dom": "^5.16.3",
      "@testing-library/react": "^12.1.4",
      "@testing-library/user-event": "^13.5.0",
      "apexcharts": "^3.35.0",
      "axios": "^0.26.1",
      "bootstrap": "^5.1.3",
      "dateformat": "^5.0.3",
      "devextreme": "^23.1.3",
      "devextreme-react": "^23.1.3",
      "draft-js": "^0.11.7",
      "draftjs-to-html": "^0.9.1",
      "framer-motion": "^6.3.10",
      "jquery": "^3.6.0",
      "jwt-decode": "^3.1.2",
      "md5": "^2.3.0",
      "moment": "^2.29.4",
      "postcss-loader": "^7.0.2",
      "react": "^18.1.0",
      "react-apexcharts": "^1.4.0",
      "react-bootstrap": "^2.2.2",
      "react-circular-progressbar": "^2.0.4",
      "react-dom": "^18.1.0",
      "react-draft-wysiwyg": "^1.14.7",
      "react-input-mask": "^2.0.4",
      "react-meta-tags": "^1.0.1",
      "react-quill": "^1.3.5",
      "react-router-dom": "5.2.0",
      "react-scripts": "5.0.0",
      "react-summernote": "^2.0.2",
      "sass": "^1.34.1",
      "styled-components": "^5.3.5",
      "uuid": "^8.3.2",
      "web-vitals": "^2.1.4"
    },
    "scripts": {
      "start": "react-scripts start",
      "start2": "set PORT=3007 react-scripts start",
      "start3": "PORT=3007 react-scripts start",
      "build": "react-scripts build",
      "test": "react-scripts test",
      "eject": "react-scripts eject"
    },
    "eslintConfig": {
      "extends": [
        "react-app",
        "react-app/jest"
      ]
    },
    "browserslist": {
      "production": [
        ">0.2%",
        "not dead",
        "not op_mini all"
      ],
      "development": [
        "last 1 chrome version",
        "last 1 firefox version",
        "last 1 safari version"
      ]
    },
    "devDependencies": {
      "@types/bootstrap": "^5.1.11",
      "@types/jquery": "^3.5.14",
      "webpack": "^5.72.1",
      "webpack-cli": "^4.9.2",
      "devextreme-themebuilder": "^23.1.3"
    }
  }

yarn manifest: 
  No manifest

Lockfile: 
  No lockfile
